NewProject/Builds/Android/app/build/intermediates/manifest_merge_blame_file/debug_Debug/manifest-merger-blame-debug_-debug-report.txt
1<?xml version="1.0" encoding="utf-8"?>
2<manifest xmlns:android="http://schemas.android.com/apk/res/android"
3    package="com.yourcompany.newproject"
4    android:versionCode="1"
5    android:versionName="1.0.0" >
6
7    <uses-sdk
8        android:minSdkVersion="16"
8-->src/main/AndroidManifest.xml
9        android:targetSdkVersion="29" />
9-->src/main/AndroidManifest.xml
10
11    <supports-screens
11-->src/main/AndroidManifest.xml:5:3-6:51
12        android:anyDensity="true"
12-->src/main/AndroidManifest.xml:5:106-131
13        android:largeScreens="true"
13-->src/main/AndroidManifest.xml:5:78-105
14        android:normalScreens="true"
14-->src/main/AndroidManifest.xml:5:49-77
15        android:smallScreens="true"
15-->src/main/AndroidManifest.xml:5:21-48
16        android:xlargeScreens="true" />
16-->src/main/AndroidManifest.xml:6:21-49
17
18    <uses-permission android:name="android.permission.WRITE_EXTERNAL_STORAGE" />
18-->src/main/AndroidManifest.xml:7:3-78
18-->src/main/AndroidManifest.xml:7:20-76
19    <uses-permission android:name="android.permission.READ_EXTERNAL_STORAGE" />
19-->src/main/AndroidManifest.xml:8:3-77
19-->src/main/AndroidManifest.xml:8:20-75
20    <uses-permission android:name="android.permission.ACCESS_FINE_LOCATION" />
20-->src/main/AndroidManifest.xml:9:3-76
20-->src/main/AndroidManifest.xml:9:20-74
21    <uses-permission android:name="android.permission.BLUETOOTH_ADMIN" />
21-->src/main/AndroidManifest.xml:10:3-71
21-->src/main/AndroidManifest.xml:10:20-69
22    <uses-permission android:name="android.permission.BLUETOOTH" />
22-->src/main/AndroidManifest.xml:11:3-65
22-->src/main/AndroidManifest.xml:11:20-63
23    <uses-permission android:name="android.permission.CHANGE_WIFI_MULTICAST_STATE" />
23-->src/main/AndroidManifest.xml:12:3-83
23-->src/main/AndroidManifest.xml:12:20-81
24    <uses-permission android:name="android.permission.INTERNET" />
24-->src/main/AndroidManifest.xml:13:3-64
24-->src/main/AndroidManifest.xml:13:20-62
25
26    <application
26-->src/main/AndroidManifest.xml:14:3-22:17
27        android:name="com.rmsl.juce.JuceApp"
27-->src/main/AndroidManifest.xml:14:49-85
28        android:debuggable="true"
29        android:hardwareAccelerated="false"
29-->src/main/AndroidManifest.xml:14:86-121
30        android:label="@string/app_name"
30-->src/main/AndroidManifest.xml:14:16-48
31        android:testOnly="true" >
32        <activity
32-->src/main/AndroidManifest.xml:15:5-21:16
33            android:name="android.app.Activity"
33-->src/main/AndroidManifest.xml:15:15-50
34            android:configChanges="keyboardHidden|orientation|screenSize"
34-->src/main/AndroidManifest.xml:15:84-145
35            android:hardwareAccelerated="true"
35-->src/main/AndroidManifest.xml:16:87-121
36            android:label="@string/app_name"
36-->src/main/AndroidManifest.xml:15:51-83
37            android:launchMode="singleTask"
37-->src/main/AndroidManifest.xml:16:55-86
38            android:screenOrientation="unspecified" >
38-->src/main/AndroidManifest.xml:16:15-54
39            <intent-filter>
39-->src/main/AndroidManifest.xml:17:7-20:23
40                <action android:name="android.intent.action.MAIN" />
40-->src/main/AndroidManifest.xml:18:9-60
40-->src/main/AndroidManifest.xml:18:17-58
41
42                <category android:name="android.intent.category.LAUNCHER" />
42-->src/main/AndroidManifest.xml:19:9-68
42-->src/main/AndroidManifest.xml:19:19-66
43            </intent-filter>
44        </activity>
45    </application>
46
47</manifest>